Analysis & Synthesis report for CWRU_Transceiver_RX
Tue Apr 09 16:22:02 2019
Quartus Prime Version 18.1.0 Build 625 09/12/2018 SJ Lite Edition


---------------------
; Table of Contents ;
---------------------
  1. Legal Notice
  2. Analysis & Synthesis Summary
  3. Analysis & Synthesis Settings
  4. Parallel Compilation
  5. Analysis & Synthesis Source Files Read
  6. Analysis & Synthesis Resource Usage Summary
  7. Analysis & Synthesis Resource Utilization by Entity
  8. User-Specified and Inferred Latches
  9. General Register Statistics
 10. Inverted Register Statistics
 11. Multiplexer Restructuring Statistics (Restructuring Performed)
 12. Post-Synthesis Netlist Statistics for Top Partition
 13. Elapsed Time Per Partition
 14. Analysis & Synthesis Messages



----------------
; Legal Notice ;
----------------
Copyright (C) 2018  Intel Corporation. All rights reserved.
Your use of Intel Corporation's design tools, logic functions 
and other software and tools, and its AMPP partner logic 
functions, and any output files from any of the foregoing 
(including device programming or simulation files), and any 
associated documentation or information are expressly subject 
to the terms and conditions of the Intel Program License 
Subscription Agreement, the Intel Quartus Prime License Agreement,
the Intel FPGA IP License Agreement, or other applicable license
agreement, including, without limitation, that your use is for
the sole purpose of programming logic devices manufactured by
Intel and sold by Intel or its authorized distributors.  Please
refer to the applicable agreement for further details.



+-------------------------------------------------------------------------------+
; Analysis & Synthesis Summary                                                  ;
+---------------------------------+---------------------------------------------+
; Analysis & Synthesis Status     ; Successful - Tue Apr 09 16:22:02 2019       ;
; Quartus Prime Version           ; 18.1.0 Build 625 09/12/2018 SJ Lite Edition ;
; Revision Name                   ; CWRU_Transceiver_RX                         ;
; Top-level Entity Name           ; CWRU_Transceiver_RX                         ;
; Family                          ; Cyclone V                                   ;
; Logic utilization (in ALMs)     ; N/A                                         ;
; Total registers                 ; 134                                         ;
; Total pins                      ; 44                                          ;
; Total virtual pins              ; 0                                           ;
; Total block memory bits         ; 0                                           ;
; Total DSP Blocks                ; 0                                           ;
; Total HSSI RX PCSs              ; 0                                           ;
; Total HSSI PMA RX Deserializers ; 0                                           ;
; Total HSSI TX PCSs              ; 0                                           ;
; Total HSSI PMA TX Serializers   ; 0                                           ;
; Total PLLs                      ; 0                                           ;
; Total DLLs                      ; 0                                           ;
+---------------------------------+---------------------------------------------+


+-----------------------------------------------------------------------------------------------------------------------------+
; Analysis & Synthesis Settings                                                                                               ;
+---------------------------------------------------------------------------------+---------------------+---------------------+
; Option                                                                          ; Setting             ; Default Value       ;
+---------------------------------------------------------------------------------+---------------------+---------------------+
; Device                                                                          ; 5CSEMA5F31C6        ;                     ;
; Top-level entity name                                                           ; CWRU_Transceiver_RX ; CWRU_Transceiver_RX ;
; Family name                                                                     ; Cyclone V           ; Cyclone V           ;
; Use smart compilation                                                           ; Off                 ; Off                 ;
; Enable parallel Assembler and Timing Analyzer during compilation                ; On                  ; On                  ;
; Enable compact report table                                                     ; Off                 ; Off                 ;
; Restructure Multiplexers                                                        ; Auto                ; Auto                ;
; MLAB Add Timing Constraints For Mixed-Port Feed-Through Mode Setting Don't Care ; Off                 ; Off                 ;
; Create Debugging Nodes for IP Cores                                             ; Off                 ; Off                 ;
; Preserve fewer node names                                                       ; On                  ; On                  ;
; Intel FPGA IP Evaluation Mode                                                   ; Enable              ; Enable              ;
; Verilog Version                                                                 ; Verilog_2001        ; Verilog_2001        ;
; VHDL Version                                                                    ; VHDL_1993           ; VHDL_1993           ;
; State Machine Processing                                                        ; Auto                ; Auto                ;
; Safe State Machine                                                              ; Off                 ; Off                 ;
; Extract Verilog State Machines                                                  ; On                  ; On                  ;
; Extract VHDL State Machines                                                     ; On                  ; On                  ;
; Ignore Verilog initial constructs                                               ; Off                 ; Off                 ;
; Iteration limit for constant Verilog loops                                      ; 5000                ; 5000                ;
; Iteration limit for non-constant Verilog loops                                  ; 250                 ; 250                 ;
; Add Pass-Through Logic to Inferred RAMs                                         ; On                  ; On                  ;
; Infer RAMs from Raw Logic                                                       ; On                  ; On                  ;
; Parallel Synthesis                                                              ; On                  ; On                  ;
; DSP Block Balancing                                                             ; Auto                ; Auto                ;
; NOT Gate Push-Back                                                              ; On                  ; On                  ;
; Power-Up Don't Care                                                             ; On                  ; On                  ;
; Remove Redundant Logic Cells                                                    ; Off                 ; Off                 ;
; Remove Duplicate Registers                                                      ; On                  ; On                  ;
; Ignore CARRY Buffers                                                            ; Off                 ; Off                 ;
; Ignore CASCADE Buffers                                                          ; Off                 ; Off                 ;
; Ignore GLOBAL Buffers                                                           ; Off                 ; Off                 ;
; Ignore ROW GLOBAL Buffers                                                       ; Off                 ; Off                 ;
; Ignore LCELL Buffers                                                            ; Off                 ; Off                 ;
; Ignore SOFT Buffers                                                             ; On                  ; On                  ;
; Limit AHDL Integers to 32 Bits                                                  ; Off                 ; Off                 ;
; Optimization Technique                                                          ; Balanced            ; Balanced            ;
; Carry Chain Length                                                              ; 70                  ; 70                  ;
; Auto Carry Chains                                                               ; On                  ; On                  ;
; Auto Open-Drain Pins                                                            ; On                  ; On                  ;
; Perform WYSIWYG Primitive Resynthesis                                           ; Off                 ; Off                 ;
; Auto ROM Replacement                                                            ; On                  ; On                  ;
; Auto RAM Replacement                                                            ; On                  ; On                  ;
; Auto DSP Block Replacement                                                      ; On                  ; On                  ;
; Auto Shift Register Replacement                                                 ; Auto                ; Auto                ;
; Allow Shift Register Merging across Hierarchies                                 ; Auto                ; Auto                ;
; Auto Clock Enable Replacement                                                   ; On                  ; On                  ;
; Strict RAM Replacement                                                          ; Off                 ; Off                 ;
; Allow Synchronous Control Signals                                               ; On                  ; On                  ;
; Force Use of Synchronous Clear Signals                                          ; Off                 ; Off                 ;
; Auto Resource Sharing                                                           ; Off                 ; Off                 ;
; Allow Any RAM Size For Recognition                                              ; Off                 ; Off                 ;
; Allow Any ROM Size For Recognition                                              ; Off                 ; Off                 ;
; Allow Any Shift Register Size For Recognition                                   ; Off                 ; Off                 ;
; Use LogicLock Constraints during Resource Balancing                             ; On                  ; On                  ;
; Ignore translate_off and synthesis_off directives                               ; Off                 ; Off                 ;
; Timing-Driven Synthesis                                                         ; On                  ; On                  ;
; Report Parameter Settings                                                       ; On                  ; On                  ;
; Report Source Assignments                                                       ; On                  ; On                  ;
; Report Connectivity Checks                                                      ; On                  ; On                  ;
; Ignore Maximum Fan-Out Assignments                                              ; Off                 ; Off                 ;
; Synchronization Register Chain Length                                           ; 3                   ; 3                   ;
; Power Optimization During Synthesis                                             ; Normal compilation  ; Normal compilation  ;
; HDL message level                                                               ; Level2              ; Level2              ;
; Suppress Register Optimization Related Messages                                 ; Off                 ; Off                 ;
; Number of Removed Registers Reported in Synthesis Report                        ; 5000                ; 5000                ;
; Number of Swept Nodes Reported in Synthesis Report                              ; 5000                ; 5000                ;
; Number of Inverted Registers Reported in Synthesis Report                       ; 100                 ; 100                 ;
; Clock MUX Protection                                                            ; On                  ; On                  ;
; Auto Gated Clock Conversion                                                     ; Off                 ; Off                 ;
; Block Design Naming                                                             ; Auto                ; Auto                ;
; SDC constraint protection                                                       ; Off                 ; Off                 ;
; Synthesis Effort                                                                ; Auto                ; Auto                ;
; Shift Register Replacement - Allow Asynchronous Clear Signal                    ; On                  ; On                  ;
; Pre-Mapping Resynthesis Optimization                                            ; Off                 ; Off                 ;
; Analysis & Synthesis Message Level                                              ; Medium              ; Medium              ;
; Disable Register Merging Across Hierarchies                                     ; Auto                ; Auto                ;
; Resource Aware Inference For Block RAM                                          ; On                  ; On                  ;
; Automatic Parallel Synthesis                                                    ; On                  ; On                  ;
; Partial Reconfiguration Bitstream ID                                            ; Off                 ; Off                 ;
+---------------------------------------------------------------------------------+---------------------+---------------------+


+------------------------------------------+
; Parallel Compilation                     ;
+----------------------------+-------------+
; Processors                 ; Number      ;
+----------------------------+-------------+
; Number detected on machine ; 4           ;
; Maximum allowed            ; 2           ;
;                            ;             ;
; Average used               ; 1.00        ;
; Maximum used               ; 2           ;
;                            ;             ;
; Usage by Processor         ; % Time Used ;
;     Processor 1            ; 100.0%      ;
;     Processor 2            ;   0.0%      ;
+----------------------------+-------------+


+-------------------------------------------------------------------------------------------------------------------------------------------------------------------------------------------------+
; Analysis & Synthesis Source Files Read                                                                                                                                                          ;
+----------------------------------+-----------------+------------------------+---------------------------------------------------------------------------------------------------------+---------+
; File Name with User-Entered Path ; Used in Netlist ; File Type              ; File Name with Absolute Path                                                                            ; Library ;
+----------------------------------+-----------------+------------------------+---------------------------------------------------------------------------------------------------------+---------+
; src/shift_sampler.v              ; yes             ; User Verilog HDL File  ; C:/Users/ryanl/OneDrive/Documents/GitHub/CWRU_Transceiver/CWRU_Transceiver_RX/src/shift_sampler.v       ;         ;
; src/CWRU_Transceiver_RX.v        ; yes             ; User Verilog HDL File  ; C:/Users/ryanl/OneDrive/Documents/GitHub/CWRU_Transceiver/CWRU_Transceiver_RX/src/CWRU_Transceiver_RX.v ;         ;
; src/clk_40_gen.v                 ; yes             ; User Verilog HDL File  ; C:/Users/ryanl/OneDrive/Documents/GitHub/CWRU_Transceiver/CWRU_Transceiver_RX/src/clk_40_gen.v          ;         ;
; src/HEX_display.v                ; yes             ; User Verilog HDL File  ; C:/Users/ryanl/OneDrive/Documents/GitHub/CWRU_Transceiver/CWRU_Transceiver_RX/src/HEX_display.v         ;         ;
; src/sample_decoder.v             ; yes             ; User Verilog HDL File  ; C:/Users/ryanl/OneDrive/Documents/GitHub/CWRU_Transceiver/CWRU_Transceiver_RX/src/sample_decoder.v      ;         ;
+----------------------------------+-----------------+------------------------+---------------------------------------------------------------------------------------------------------+---------+


+----------------------------------------------------------------+
; Analysis & Synthesis Resource Usage Summary                    ;
+---------------------------------------------+------------------+
; Resource                                    ; Usage            ;
+---------------------------------------------+------------------+
; Estimate of Logic utilization (ALMs needed) ; 225              ;
;                                             ;                  ;
; Combinational ALUT usage for logic          ; 334              ;
;     -- 7 input functions                    ; 0                ;
;     -- 6 input functions                    ; 115              ;
;     -- 5 input functions                    ; 83               ;
;     -- 4 input functions                    ; 22               ;
;     -- <=3 input functions                  ; 114              ;
;                                             ;                  ;
; Dedicated logic registers                   ; 134              ;
;                                             ;                  ;
; I/O pins                                    ; 44               ;
;                                             ;                  ;
; Total DSP Blocks                            ; 0                ;
;                                             ;                  ;
; Maximum fan-out node                        ; GPIO_1[15]~input ;
; Maximum fan-out                             ; 117              ;
; Total fan-out                               ; 1802             ;
; Average fan-out                             ; 3.24             ;
+---------------------------------------------+------------------+


+------------------------------------------------------------------------------------------------------------------------------------------------------------------------------------------------------------------+
; Analysis & Synthesis Resource Utilization by Entity                                                                                                                                                              ;
+----------------------------+---------------------+---------------------------+-------------------+------------+------+--------------+---------------------------------------+---------------------+--------------+
; Compilation Hierarchy Node ; Combinational ALUTs ; Dedicated Logic Registers ; Block Memory Bits ; DSP Blocks ; Pins ; Virtual Pins ; Full Hierarchy Name                   ; Entity Name         ; Library Name ;
+----------------------------+---------------------+---------------------------+-------------------+------------+------+--------------+---------------------------------------+---------------------+--------------+
; |CWRU_Transceiver_RX       ; 334 (0)             ; 134 (0)                   ; 0                 ; 0          ; 44   ; 0            ; |CWRU_Transceiver_RX                  ; CWRU_Transceiver_RX ; work         ;
;    |HEX_display:h|         ; 17 (17)             ; 0 (0)                     ; 0                 ; 0          ; 0    ; 0            ; |CWRU_Transceiver_RX|HEX_display:h    ; HEX_display         ; work         ;
;    |clk_40_gen:c|          ; 17 (17)             ; 13 (13)                   ; 0                 ; 0          ; 0    ; 0            ; |CWRU_Transceiver_RX|clk_40_gen:c     ; clk_40_gen          ; work         ;
;    |sample_decoder:d|      ; 88 (88)             ; 8 (8)                     ; 0                 ; 0          ; 0    ; 0            ; |CWRU_Transceiver_RX|sample_decoder:d ; sample_decoder      ; work         ;
;    |shift_sampler:s|       ; 212 (212)           ; 113 (113)                 ; 0                 ; 0          ; 0    ; 0            ; |CWRU_Transceiver_RX|shift_sampler:s  ; shift_sampler       ; work         ;
+----------------------------+---------------------+---------------------------+-------------------+------------+------+--------------+---------------------------------------+---------------------+--------------+
Note: For table entries with two numbers listed, the numbers in parentheses indicate the number of resources of the given type used by the specific entity alone. The numbers listed outside of parentheses indicate the total resources of the given type used by the specific entity and all of its sub-entities in the hierarchy.


+---------------------------------------------------------------------------------------------------+
; User-Specified and Inferred Latches                                                               ;
+----------------------------------------------------+---------------------+------------------------+
; Latch Name                                         ; Latch Enable Signal ; Free of Timing Hazards ;
+----------------------------------------------------+---------------------+------------------------+
; HEX_display:h|HEX0[0]                              ; GND                 ; yes                    ;
; HEX_display:h|HEX0[2]                              ; GND                 ; yes                    ;
; HEX_display:h|HEX0[3]                              ; GND                 ; yes                    ;
; HEX_display:h|HEX0[4]                              ; GND                 ; yes                    ;
; HEX_display:h|HEX0[5]                              ; GND                 ; yes                    ;
; HEX_display:h|HEX0[6]                              ; GND                 ; yes                    ;
; Number of user-specified and inferred latches = 6  ;                     ;                        ;
+----------------------------------------------------+---------------------+------------------------+
Note: All latches listed above may not be present at the end of synthesis due to various synthesis optimizations.


+------------------------------------------------------+
; General Register Statistics                          ;
+----------------------------------------------+-------+
; Statistic                                    ; Value ;
+----------------------------------------------+-------+
; Total registers                              ; 134   ;
; Number of registers using Synchronous Clear  ; 40    ;
; Number of registers using Synchronous Load   ; 0     ;
; Number of registers using Asynchronous Clear ; 0     ;
; Number of registers using Asynchronous Load  ; 0     ;
; Number of registers using Clock Enable       ; 0     ;
; Number of registers using Preset             ; 0     ;
+----------------------------------------------+-------+


+--------------------------------------------------+
; Inverted Register Statistics                     ;
+----------------------------------------+---------+
; Inverted Register                      ; Fan out ;
+----------------------------------------+---------+
; shift_sampler:s|counter[1]             ; 2       ;
; shift_sampler:s|counter[0]             ; 2       ;
; shift_sampler:s|counter[6]             ; 3       ;
; shift_sampler:s|counter[3]             ; 4       ;
; shift_sampler:s|counter[2]             ; 3       ;
; Total number of inverted registers = 5 ;         ;
+----------------------------------------+---------+


+----------------------------------------------------------------------------------------------------------------------------------------------------------+
; Multiplexer Restructuring Statistics (Restructuring Performed)                                                                                           ;
+--------------------+-----------+---------------+----------------------+------------------------+------------+--------------------------------------------+
; Multiplexer Inputs ; Bus Width ; Baseline Area ; Area if Restructured ; Saving if Restructured ; Registered ; Example Multiplexer Output                 ;
+--------------------+-----------+---------------+----------------------+------------------------+------------+--------------------------------------------+
; 3:1                ; 2 bits    ; 4 LEs         ; 4 LEs                ; 0 LEs                  ; No         ; |CWRU_Transceiver_RX|HEX_display:h|HEX0[4] ;
+--------------------+-----------+---------------+----------------------+------------------------+------------+--------------------------------------------+


+-----------------------------------------------------+
; Post-Synthesis Netlist Statistics for Top Partition ;
+-----------------------+-----------------------------+
; Type                  ; Count                       ;
+-----------------------+-----------------------------+
; arriav_ff             ; 134                         ;
;     SCLR              ; 40                          ;
;     plain             ; 94                          ;
; arriav_lcell_comb     ; 335                         ;
;     arith             ; 76                          ;
;         0 data inputs ; 8                           ;
;         1 data inputs ; 44                          ;
;         2 data inputs ; 16                          ;
;         5 data inputs ; 8                           ;
;     normal            ; 259                         ;
;         0 data inputs ; 1                           ;
;         2 data inputs ; 29                          ;
;         3 data inputs ; 17                          ;
;         4 data inputs ; 22                          ;
;         5 data inputs ; 75                          ;
;         6 data inputs ; 115                         ;
; boundary_port         ; 44                          ;
;                       ;                             ;
; Max LUT depth         ; 7.00                        ;
; Average LUT depth     ; 4.57                        ;
+-----------------------+-----------------------------+


+-------------------------------+
; Elapsed Time Per Partition    ;
+----------------+--------------+
; Partition Name ; Elapsed Time ;
+----------------+--------------+
; Top            ; 00:00:02     ;
+----------------+--------------+


+-------------------------------+
; Analysis & Synthesis Messages ;
+-------------------------------+
Info: *******************************************************************
Info: Running Quartus Prime Analysis & Synthesis
    Info: Version 18.1.0 Build 625 09/12/2018 SJ Lite Edition
    Info: Processing started: Tue Apr 09 16:21:42 2019
Info: Command: quartus_map --read_settings_files=on --write_settings_files=off CWRU_Transceiver_RX -c CWRU_Transceiver_RX
Warning (18236): Number of processors has not been specified which may cause overloading on shared machines.  Set the global assignment NUM_PARALLEL_PROCESSORS in your QSF to an appropriate value for best performance.
Info (20030): Parallel compilation is enabled and will use 2 of the 2 processors detected
Info (12021): Found 1 design units, including 1 entities, in source file src/shift_sampler.v
    Info (12023): Found entity 1: shift_sampler File: C:/Users/ryanl/OneDrive/Documents/GitHub/CWRU_Transceiver/CWRU_Transceiver_RX/src/shift_sampler.v Line: 1
Info (12021): Found 1 design units, including 1 entities, in source file src/cwru_transceiver_rx.v
    Info (12023): Found entity 1: CWRU_Transceiver_RX File: C:/Users/ryanl/OneDrive/Documents/GitHub/CWRU_Transceiver/CWRU_Transceiver_RX/src/CWRU_Transceiver_RX.v Line: 1
Info (12021): Found 1 design units, including 1 entities, in source file src/cwru_transceiver_rx_tb.v
    Info (12023): Found entity 1: CWRU_Transceiver_RX_tb File: C:/Users/ryanl/OneDrive/Documents/GitHub/CWRU_Transceiver/CWRU_Transceiver_RX/src/CWRU_Transceiver_RX_tb.v Line: 3
Info (12021): Found 1 design units, including 1 entities, in source file src/clk_40_gen.v
    Info (12023): Found entity 1: clk_40_gen File: C:/Users/ryanl/OneDrive/Documents/GitHub/CWRU_Transceiver/CWRU_Transceiver_RX/src/clk_40_gen.v Line: 1
Info (12021): Found 1 design units, including 1 entities, in source file src/hex_display.v
    Info (12023): Found entity 1: HEX_display File: C:/Users/ryanl/OneDrive/Documents/GitHub/CWRU_Transceiver/CWRU_Transceiver_RX/src/HEX_display.v Line: 1
Info (12021): Found 1 design units, including 1 entities, in source file src/sample_decoder.v
    Info (12023): Found entity 1: sample_decoder File: C:/Users/ryanl/OneDrive/Documents/GitHub/CWRU_Transceiver/CWRU_Transceiver_RX/src/sample_decoder.v Line: 1
Info (12127): Elaborating entity "CWRU_Transceiver_RX" for the top level hierarchy
Info (12128): Elaborating entity "clk_40_gen" for hierarchy "clk_40_gen:c" File: C:/Users/ryanl/OneDrive/Documents/GitHub/CWRU_Transceiver/CWRU_Transceiver_RX/src/CWRU_Transceiver_RX.v Line: 11
Info (12128): Elaborating entity "shift_sampler" for hierarchy "shift_sampler:s" File: C:/Users/ryanl/OneDrive/Documents/GitHub/CWRU_Transceiver/CWRU_Transceiver_RX/src/CWRU_Transceiver_RX.v Line: 12
Info (12128): Elaborating entity "sample_decoder" for hierarchy "sample_decoder:d" File: C:/Users/ryanl/OneDrive/Documents/GitHub/CWRU_Transceiver/CWRU_Transceiver_RX/src/CWRU_Transceiver_RX.v Line: 13
Info (12128): Elaborating entity "HEX_display" for hierarchy "HEX_display:h" File: C:/Users/ryanl/OneDrive/Documents/GitHub/CWRU_Transceiver/CWRU_Transceiver_RX/src/CWRU_Transceiver_RX.v Line: 14
Warning (10240): Verilog HDL Always Construct warning at HEX_display.v(6): inferring latch(es) for variable "HEX0", which holds its previous value in one or more paths through the always construct File: C:/Users/ryanl/OneDrive/Documents/GitHub/CWRU_Transceiver/CWRU_Transceiver_RX/src/HEX_display.v Line: 6
Info (10041): Inferred latch for "HEX0[0]" at HEX_display.v(10) File: C:/Users/ryanl/OneDrive/Documents/GitHub/CWRU_Transceiver/CWRU_Transceiver_RX/src/HEX_display.v Line: 10
Info (10041): Inferred latch for "HEX0[1]" at HEX_display.v(10) File: C:/Users/ryanl/OneDrive/Documents/GitHub/CWRU_Transceiver/CWRU_Transceiver_RX/src/HEX_display.v Line: 10
Info (10041): Inferred latch for "HEX0[2]" at HEX_display.v(10) File: C:/Users/ryanl/OneDrive/Documents/GitHub/CWRU_Transceiver/CWRU_Transceiver_RX/src/HEX_display.v Line: 10
Info (10041): Inferred latch for "HEX0[3]" at HEX_display.v(10) File: C:/Users/ryanl/OneDrive/Documents/GitHub/CWRU_Transceiver/CWRU_Transceiver_RX/src/HEX_display.v Line: 10
Info (10041): Inferred latch for "HEX0[4]" at HEX_display.v(10) File: C:/Users/ryanl/OneDrive/Documents/GitHub/CWRU_Transceiver/CWRU_Transceiver_RX/src/HEX_display.v Line: 10
Info (10041): Inferred latch for "HEX0[5]" at HEX_display.v(10) File: C:/Users/ryanl/OneDrive/Documents/GitHub/CWRU_Transceiver/CWRU_Transceiver_RX/src/HEX_display.v Line: 10
Info (10041): Inferred latch for "HEX0[6]" at HEX_display.v(10) File: C:/Users/ryanl/OneDrive/Documents/GitHub/CWRU_Transceiver/CWRU_Transceiver_RX/src/HEX_display.v Line: 10
Warning (13024): Output pins are stuck at VCC or GND
    Warning (13410): Pin "HEX0[1]" is stuck at GND File: C:/Users/ryanl/OneDrive/Documents/GitHub/CWRU_Transceiver/CWRU_Transceiver_RX/src/CWRU_Transceiver_RX.v Line: 5
Info (286030): Timing-Driven Synthesis is running
Warning (20013): Ignored 24 assignments for entity "DE1_SOC" -- entity does not exist in design
    Warning (20014): Assignment for entity set_instance_assignment -name PARTITION_HIERARCHY root_partition -to | -entity DE1_SOC -section_id Top was ignored
    Warning (20014): Assignment for entity set_global_assignment -name PARTITION_NETLIST_TYPE SOURCE -entity DE1_SOC -section_id Top was ignored
    Warning (20014): Assignment for entity set_global_assignment -name PARTITION_FITTER_PRESERVATION_LEVEL PLACEMENT_AND_ROUTING -entity DE1_SOC -section_id Top was ignored
    Warning (20014): Assignment for entity set_global_assignment -name PARTITION_PRESERVE_HIGH_SPEED_TILES ON -entity DE1_SOC -section_id Top was ignored
    Warning (20014): Assignment for entity set_global_assignment -name PARTITION_IGNORE_SOURCE_FILE_CHANGES OFF -entity DE1_SOC -section_id Top was ignored
    Warning (20014): Assignment for entity set_global_assignment -name PARTITION_ALWAYS_USE_QXP_NETLIST OFF -entity DE1_SOC -section_id Top was ignored
    Warning (20014): Assignment for entity set_global_assignment -name PARTITION_COLOR 16764057 -entity DE1_SOC -section_id Top was ignored
    Warning (20014): Assignment for entity set_global_assignment -name PARTITION_IMPORT_ASSIGNMENTS ON -entity DE1_SOC -section_id Top was ignored
    Warning (20014): Assignment for entity set_global_assignment -name PARTITION_IMPORT_EXISTING_ASSIGNMENTS REPLACE_CONFLICTING -entity DE1_SOC -section_id Top was ignored
    Warning (20014): Assignment for entity set_global_assignment -name PARTITION_IMPORT_EXISTING_LOGICLOCK_REGIONS UPDATE_CONFLICTING -entity DE1_SOC -section_id Top was ignored
    Warning (20014): Assignment for entity set_global_assignment -name PARTITION_IMPORT_PIN_ASSIGNMENTS ON -entity DE1_SOC -section_id Top was ignored
    Warning (20014): Assignment for entity set_global_assignment -name PARTITION_IMPORT_PROMOTE_ASSIGNMENTS ON -entity DE1_SOC -section_id Top was ignored
    Warning (20014): Assignment for entity set_global_assignment -name PARTITION_TYPE STANDARD_PARTITION -entity DE1_SOC -section_id Top was ignored
    Warning (20014): Assignment for entity set_global_assignment -name ALLOW_MULTIPLE_PERSONAS OFF -entity DE1_SOC -section_id Top was ignored
    Warning (20014): Assignment for entity set_global_assignment -name PARTITION_ASD_REGION_ID 1 -entity DE1_SOC -section_id Top was ignored
    Warning (20014): Assignment for entity set_global_assignment -name CROSS_BOUNDARY_OPTIMIZATIONS OFF -entity DE1_SOC -section_id Top was ignored
    Warning (20014): Assignment for entity set_global_assignment -name PROPAGATE_CONSTANTS_ON_INPUTS ON -entity DE1_SOC -section_id Top was ignored
    Warning (20014): Assignment for entity set_global_assignment -name PROPAGATE_INVERSIONS_ON_INPUTS ON -entity DE1_SOC -section_id Top was ignored
    Warning (20014): Assignment for entity set_global_assignment -name REMOVE_LOGIC_ON_UNCONNECTED_OUTPUTS ON -entity DE1_SOC -section_id Top was ignored
    Warning (20014): Assignment for entity set_global_assignment -name MERGE_EQUIVALENT_INPUTS ON -entity DE1_SOC -section_id Top was ignored
    Warning (20014): Assignment for entity set_global_assignment -name MERGE_EQUIVALENT_BIDIRS ON -entity DE1_SOC -section_id Top was ignored
    Warning (20014): Assignment for entity set_global_assignment -name ABSORB_PATHS_FROM_OUTPUTS_TO_INPUTS ON -entity DE1_SOC -section_id Top was ignored
    Warning (20014): Assignment for entity set_global_assignment -name PARTITION_EXTRACT_HARD_BLOCK_NODES ON -entity DE1_SOC -section_id Top was ignored
    Warning (20014): Assignment for entity set_global_assignment -name PARTITION_ENABLE_STRICT_PRESERVATION OFF -entity DE1_SOC -section_id Top was ignored
Info (16010): Generating hard_block partition "hard_block:auto_generated_inst"
    Info (16011): Adding 0 node(s), including 0 DDIO, 0 PLL, 0 transceiver and 0 LCELL
Warning (21074): Design contains 35 input pin(s) that do not drive logic
    Warning (15610): No output dependent on input pin "GPIO_1[0]" File: C:/Users/ryanl/OneDrive/Documents/GitHub/CWRU_Transceiver/CWRU_Transceiver_RX/src/CWRU_Transceiver_RX.v Line: 3
    Warning (15610): No output dependent on input pin "GPIO_1[1]" File: C:/Users/ryanl/OneDrive/Documents/GitHub/CWRU_Transceiver/CWRU_Transceiver_RX/src/CWRU_Transceiver_RX.v Line: 3
    Warning (15610): No output dependent on input pin "GPIO_1[2]" File: C:/Users/ryanl/OneDrive/Documents/GitHub/CWRU_Transceiver/CWRU_Transceiver_RX/src/CWRU_Transceiver_RX.v Line: 3
    Warning (15610): No output dependent on input pin "GPIO_1[3]" File: C:/Users/ryanl/OneDrive/Documents/GitHub/CWRU_Transceiver/CWRU_Transceiver_RX/src/CWRU_Transceiver_RX.v Line: 3
    Warning (15610): No output dependent on input pin "GPIO_1[4]" File: C:/Users/ryanl/OneDrive/Documents/GitHub/CWRU_Transceiver/CWRU_Transceiver_RX/src/CWRU_Transceiver_RX.v Line: 3
    Warning (15610): No output dependent on input pin "GPIO_1[5]" File: C:/Users/ryanl/OneDrive/Documents/GitHub/CWRU_Transceiver/CWRU_Transceiver_RX/src/CWRU_Transceiver_RX.v Line: 3
    Warning (15610): No output dependent on input pin "GPIO_1[6]" File: C:/Users/ryanl/OneDrive/Documents/GitHub/CWRU_Transceiver/CWRU_Transceiver_RX/src/CWRU_Transceiver_RX.v Line: 3
    Warning (15610): No output dependent on input pin "GPIO_1[7]" File: C:/Users/ryanl/OneDrive/Documents/GitHub/CWRU_Transceiver/CWRU_Transceiver_RX/src/CWRU_Transceiver_RX.v Line: 3
    Warning (15610): No output dependent on input pin "GPIO_1[8]" File: C:/Users/ryanl/OneDrive/Documents/GitHub/CWRU_Transceiver/CWRU_Transceiver_RX/src/CWRU_Transceiver_RX.v Line: 3
    Warning (15610): No output dependent on input pin "GPIO_1[9]" File: C:/Users/ryanl/OneDrive/Documents/GitHub/CWRU_Transceiver/CWRU_Transceiver_RX/src/CWRU_Transceiver_RX.v Line: 3
    Warning (15610): No output dependent on input pin "GPIO_1[10]" File: C:/Users/ryanl/OneDrive/Documents/GitHub/CWRU_Transceiver/CWRU_Transceiver_RX/src/CWRU_Transceiver_RX.v Line: 3
    Warning (15610): No output dependent on input pin "GPIO_1[11]" File: C:/Users/ryanl/OneDrive/Documents/GitHub/CWRU_Transceiver/CWRU_Transceiver_RX/src/CWRU_Transceiver_RX.v Line: 3
    Warning (15610): No output dependent on input pin "GPIO_1[12]" File: C:/Users/ryanl/OneDrive/Documents/GitHub/CWRU_Transceiver/CWRU_Transceiver_RX/src/CWRU_Transceiver_RX.v Line: 3
    Warning (15610): No output dependent on input pin "GPIO_1[13]" File: C:/Users/ryanl/OneDrive/Documents/GitHub/CWRU_Transceiver/CWRU_Transceiver_RX/src/CWRU_Transceiver_RX.v Line: 3
    Warning (15610): No output dependent on input pin "GPIO_1[14]" File: C:/Users/ryanl/OneDrive/Documents/GitHub/CWRU_Transceiver/CWRU_Transceiver_RX/src/CWRU_Transceiver_RX.v Line: 3
    Warning (15610): No output dependent on input pin "GPIO_1[16]" File: C:/Users/ryanl/OneDrive/Documents/GitHub/CWRU_Transceiver/CWRU_Transceiver_RX/src/CWRU_Transceiver_RX.v Line: 3
    Warning (15610): No output dependent on input pin "GPIO_1[17]" File: C:/Users/ryanl/OneDrive/Documents/GitHub/CWRU_Transceiver/CWRU_Transceiver_RX/src/CWRU_Transceiver_RX.v Line: 3
    Warning (15610): No output dependent on input pin "GPIO_1[18]" File: C:/Users/ryanl/OneDrive/Documents/GitHub/CWRU_Transceiver/CWRU_Transceiver_RX/src/CWRU_Transceiver_RX.v Line: 3
    Warning (15610): No output dependent on input pin "GPIO_1[19]" File: C:/Users/ryanl/OneDrive/Documents/GitHub/CWRU_Transceiver/CWRU_Transceiver_RX/src/CWRU_Transceiver_RX.v Line: 3
    Warning (15610): No output dependent on input pin "GPIO_1[20]" File: C:/Users/ryanl/OneDrive/Documents/GitHub/CWRU_Transceiver/CWRU_Transceiver_RX/src/CWRU_Transceiver_RX.v Line: 3
    Warning (15610): No output dependent on input pin "GPIO_1[21]" File: C:/Users/ryanl/OneDrive/Documents/GitHub/CWRU_Transceiver/CWRU_Transceiver_RX/src/CWRU_Transceiver_RX.v Line: 3
    Warning (15610): No output dependent on input pin "GPIO_1[22]" File: C:/Users/ryanl/OneDrive/Documents/GitHub/CWRU_Transceiver/CWRU_Transceiver_RX/src/CWRU_Transceiver_RX.v Line: 3
    Warning (15610): No output dependent on input pin "GPIO_1[23]" File: C:/Users/ryanl/OneDrive/Documents/GitHub/CWRU_Transceiver/CWRU_Transceiver_RX/src/CWRU_Transceiver_RX.v Line: 3
    Warning (15610): No output dependent on input pin "GPIO_1[24]" File: C:/Users/ryanl/OneDrive/Documents/GitHub/CWRU_Transceiver/CWRU_Transceiver_RX/src/CWRU_Transceiver_RX.v Line: 3
    Warning (15610): No output dependent on input pin "GPIO_1[25]" File: C:/Users/ryanl/OneDrive/Documents/GitHub/CWRU_Transceiver/CWRU_Transceiver_RX/src/CWRU_Transceiver_RX.v Line: 3
    Warning (15610): No output dependent on input pin "GPIO_1[26]" File: C:/Users/ryanl/OneDrive/Documents/GitHub/CWRU_Transceiver/CWRU_Transceiver_RX/src/CWRU_Transceiver_RX.v Line: 3
    Warning (15610): No output dependent on input pin "GPIO_1[27]" File: C:/Users/ryanl/OneDrive/Documents/GitHub/CWRU_Transceiver/CWRU_Transceiver_RX/src/CWRU_Transceiver_RX.v Line: 3
    Warning (15610): No output dependent on input pin "GPIO_1[28]" File: C:/Users/ryanl/OneDrive/Documents/GitHub/CWRU_Transceiver/CWRU_Transceiver_RX/src/CWRU_Transceiver_RX.v Line: 3
    Warning (15610): No output dependent on input pin "GPIO_1[29]" File: C:/Users/ryanl/OneDrive/Documents/GitHub/CWRU_Transceiver/CWRU_Transceiver_RX/src/CWRU_Transceiver_RX.v Line: 3
    Warning (15610): No output dependent on input pin "GPIO_1[30]" File: C:/Users/ryanl/OneDrive/Documents/GitHub/CWRU_Transceiver/CWRU_Transceiver_RX/src/CWRU_Transceiver_RX.v Line: 3
    Warning (15610): No output dependent on input pin "GPIO_1[31]" File: C:/Users/ryanl/OneDrive/Documents/GitHub/CWRU_Transceiver/CWRU_Transceiver_RX/src/CWRU_Transceiver_RX.v Line: 3
    Warning (15610): No output dependent on input pin "GPIO_1[32]" File: C:/Users/ryanl/OneDrive/Documents/GitHub/CWRU_Transceiver/CWRU_Transceiver_RX/src/CWRU_Transceiver_RX.v Line: 3
    Warning (15610): No output dependent on input pin "GPIO_1[33]" File: C:/Users/ryanl/OneDrive/Documents/GitHub/CWRU_Transceiver/CWRU_Transceiver_RX/src/CWRU_Transceiver_RX.v Line: 3
    Warning (15610): No output dependent on input pin "GPIO_1[34]" File: C:/Users/ryanl/OneDrive/Documents/GitHub/CWRU_Transceiver/CWRU_Transceiver_RX/src/CWRU_Transceiver_RX.v Line: 3
    Warning (15610): No output dependent on input pin "GPIO_1[35]" File: C:/Users/ryanl/OneDrive/Documents/GitHub/CWRU_Transceiver/CWRU_Transceiver_RX/src/CWRU_Transceiver_RX.v Line: 3
Info (21057): Implemented 396 device resources after synthesis - the final resource count might be different
    Info (21058): Implemented 37 input pins
    Info (21059): Implemented 7 output pins
    Info (21061): Implemented 352 logic cells
Info: Quartus Prime Analysis & Synthesis was successful. 0 errors, 65 warnings
    Info: Peak virtual memory: 4828 megabytes
    Info: Processing ended: Tue Apr 09 16:22:02 2019
    Info: Elapsed time: 00:00:20
    Info: Total CPU time (on all processors): 00:00:38


