Flow report for CWRU_Transceiver_TX
Tue Apr 09 12:30:38 2019
Quartus Prime Version 18.1.0 Build 625 09/12/2018 SJ Lite Edition


---------------------
; Table of Contents ;
---------------------
  1. Legal Notice
  2. Flow Summary
  3. Flow Settings
  4. Flow Non-Default Global Settings
  5. Flow Elapsed Time
  6. Flow OS Summary
  7. Flow Log
  8. Flow Messages
  9. Flow Suppressed Messages



----------------
; Legal Notice ;
----------------
Copyright (C) 2018  Intel Corporation. All rights reserved.
Your use of Intel Corporation's design tools, logic functions 
and other software and tools, and its AMPP partner logic 
functions, and any output files from any of the foregoing 
(including device programming or simulation files), and any 
associated documentation or information are expressly subject 
to the terms and conditions of the Intel Program License 
Subscription Agreement, the Intel Quartus Prime License Agreement,
the Intel FPGA IP License Agreement, or other applicable license
agreement, including, without limitation, that your use is for
the sole purpose of programming logic devices manufactured by
Intel and sold by Intel or its authorized distributors.  Please
refer to the applicable agreement for further details.



+-------------------------------------------------------------------------------+
; Flow Summary                                                                  ;
+---------------------------------+---------------------------------------------+
; Flow Status                     ; Successful - Tue Apr 09 12:30:38 2019       ;
; Quartus Prime Version           ; 18.1.0 Build 625 09/12/2018 SJ Lite Edition ;
; Revision Name                   ; CWRU_Transceiver_TX                         ;
; Top-level Entity Name           ; CWRU_Transceiver_TX                         ;
; Family                          ; Cyclone V                                   ;
; Device                          ; 5CSEMA5F31C6                                ;
; Timing Models                   ; Final                                       ;
; Logic utilization (in ALMs)     ; 97 / 32,070 ( < 1 % )                       ;
; Total registers                 ; 21                                          ;
; Total pins                      ; 48 / 457 ( 11 % )                           ;
; Total virtual pins              ; 0                                           ;
; Total block memory bits         ; 0 / 4,065,280 ( 0 % )                       ;
; Total DSP Blocks                ; 0 / 87 ( 0 % )                              ;
; Total HSSI RX PCSs              ; 0                                           ;
; Total HSSI PMA RX Deserializers ; 0                                           ;
; Total HSSI TX PCSs              ; 0                                           ;
; Total HSSI PMA TX Serializers   ; 0                                           ;
; Total PLLs                      ; 0 / 6 ( 0 % )                               ;
; Total DLLs                      ; 0 / 4 ( 0 % )                               ;
+---------------------------------+---------------------------------------------+


+-----------------------------------------+
; Flow Settings                           ;
+-------------------+---------------------+
; Option            ; Setting             ;
+-------------------+---------------------+
; Start date & time ; 04/09/2019 12:29:32 ;
; Main task         ; Compilation         ;
; Revision Name     ; CWRU_Transceiver_TX ;
+-------------------+---------------------+


+--------------------------------------------------------------------------------------------------------------------------------------+
; Flow Non-Default Global Settings                                                                                                     ;
+--------------------------------------+----------------------------------------+---------------+-------------+------------------------+
; Assignment Name                      ; Value                                  ; Default Value ; Entity Name ; Section Id             ;
+--------------------------------------+----------------------------------------+---------------+-------------+------------------------+
; COMPILER_SIGNATURE_ID                ; 75361025999464.155482737107216         ; --            ; --          ; --                     ;
; EDA_DESIGN_INSTANCE_NAME             ; NA                                     ; --            ; --          ; CWRU_Transceiver_TX_tb ;
; EDA_DESIGN_INSTANCE_NAME             ; NA                                     ; --            ; --          ; clk_4_gen_tb           ;
; EDA_NATIVELINK_SIMULATION_TEST_BENCH ; CWRU_Transceiver_TX_tb                 ; --            ; --          ; eda_simulation         ;
; EDA_OUTPUT_DATA_FORMAT               ; Verilog Hdl                            ; --            ; --          ; eda_simulation         ;
; EDA_SIMULATION_TOOL                  ; ModelSim-Altera (Verilog)              ; <None>        ; --          ; --                     ;
; EDA_TEST_BENCH_ENABLE_STATUS         ; TEST_BENCH_MODE                        ; --            ; --          ; eda_simulation         ;
; EDA_TEST_BENCH_FILE                  ; src/CWRU_Transceiver_TX_tb.v           ; --            ; --          ; CWRU_Transceiver_TX_tb ;
; EDA_TEST_BENCH_FILE                  ; src/clk_4_gen_tb.v                     ; --            ; --          ; clk_4_gen_tb           ;
; EDA_TEST_BENCH_MODULE_NAME           ; CWRU_Transceiver_TX_tb                 ; --            ; --          ; CWRU_Transceiver_TX_tb ;
; EDA_TEST_BENCH_MODULE_NAME           ; clk_4_gen_tb                           ; --            ; --          ; clk_4_gen_tb           ;
; EDA_TEST_BENCH_NAME                  ; CWRU_Transceiver_TX_tb                 ; --            ; --          ; eda_simulation         ;
; EDA_TEST_BENCH_NAME                  ; clk_4_gen_tb                           ; --            ; --          ; eda_simulation         ;
; EDA_TIME_SCALE                       ; 1 ns                                   ; --            ; --          ; eda_simulation         ;
; MAX_CORE_JUNCTION_TEMP               ; 85                                     ; --            ; --          ; --                     ;
; MIN_CORE_JUNCTION_TEMP               ; 0                                      ; --            ; --          ; --                     ;
; PARTITION_COLOR                      ; -- (Not supported for targeted family) ; --            ; --          ; Top                    ;
; PARTITION_COLOR                      ; -- (Not supported for targeted family) ; --            ; DE1_SOC     ; Top                    ;
; PARTITION_FITTER_PRESERVATION_LEVEL  ; -- (Not supported for targeted family) ; --            ; --          ; Top                    ;
; PARTITION_FITTER_PRESERVATION_LEVEL  ; -- (Not supported for targeted family) ; --            ; DE1_SOC     ; Top                    ;
; PARTITION_NETLIST_TYPE               ; -- (Not supported for targeted family) ; --            ; --          ; Top                    ;
; PARTITION_NETLIST_TYPE               ; -- (Not supported for targeted family) ; --            ; DE1_SOC     ; Top                    ;
; POWER_BOARD_THERMAL_MODEL            ; None (CONSERVATIVE)                    ; --            ; --          ; --                     ;
; POWER_PRESET_COOLING_SOLUTION        ; 23 MM HEAT SINK WITH 200 LFPM AIRFLOW  ; --            ; --          ; --                     ;
; PROJECT_OUTPUT_DIRECTORY             ; output_files                           ; --            ; --          ; --                     ;
+--------------------------------------+----------------------------------------+---------------+-------------+------------------------+


+--------------------------------------------------------------------------------------------------------------------------+
; Flow Elapsed Time                                                                                                        ;
+----------------------+--------------+-------------------------+---------------------+------------------------------------+
; Module Name          ; Elapsed Time ; Average Processors Used ; Peak Virtual Memory ; Total CPU Time (on all processors) ;
+----------------------+--------------+-------------------------+---------------------+------------------------------------+
; Analysis & Synthesis ; 00:00:11     ; 1.0                     ; 4847 MB             ; 00:00:22                           ;
; Fitter               ; 00:00:37     ; 1.0                     ; 6649 MB             ; 00:01:00                           ;
; Assembler            ; 00:00:07     ; 1.0                     ; 4851 MB             ; 00:00:07                           ;
; Timing Analyzer      ; 00:00:06     ; 1.1                     ; 5155 MB             ; 00:00:06                           ;
; EDA Netlist Writer   ; 00:00:02     ; 1.0                     ; 4757 MB             ; 00:00:02                           ;
; Total                ; 00:01:03     ; --                      ; --                  ; 00:01:37                           ;
+----------------------+--------------+-------------------------+---------------------+------------------------------------+


+------------------------------------------------------------------------------------+
; Flow OS Summary                                                                    ;
+----------------------+------------------+------------+------------+----------------+
; Module Name          ; Machine Hostname ; OS Name    ; OS Version ; Processor type ;
+----------------------+------------------+------------+------------+----------------+
; Analysis & Synthesis ; RLX-i5PC         ; Windows 10 ; 10.0       ; x86_64         ;
; Fitter               ; RLX-i5PC         ; Windows 10 ; 10.0       ; x86_64         ;
; Assembler            ; RLX-i5PC         ; Windows 10 ; 10.0       ; x86_64         ;
; Timing Analyzer      ; RLX-i5PC         ; Windows 10 ; 10.0       ; x86_64         ;
; EDA Netlist Writer   ; RLX-i5PC         ; Windows 10 ; 10.0       ; x86_64         ;
+----------------------+------------------+------------+------------+----------------+


------------
; Flow Log ;
------------
quartus_map --read_settings_files=on --write_settings_files=off CWRU_Transceiver_TX -c CWRU_Transceiver_TX
quartus_fit --read_settings_files=off --write_settings_files=off CWRU_Transceiver_TX -c CWRU_Transceiver_TX
quartus_asm --read_settings_files=off --write_settings_files=off CWRU_Transceiver_TX -c CWRU_Transceiver_TX
quartus_sta CWRU_Transceiver_TX -c CWRU_Transceiver_TX
quartus_eda --read_settings_files=off --write_settings_files=off CWRU_Transceiver_TX -c CWRU_Transceiver_TX



